#-----------------------------------------------------------
# Vivado v2014.2 (64-bit)
# SW Build 932637 on Wed Jun 11 13:33:10 MDT 2014
# IP Build 924643 on Fri May 30 09:20:16 MDT 2014
# Start of session at: Mon Sep 14 15:31:54 2015
# Process ID: 5464
# Log file: C:/Xilinx/Vivado/2014.2/progetti/WP1/WP1/vivado.log
# Journal file: C:/Xilinx/Vivado/2014.2/progetti/WP1/WP1\vivado.jou
#-----------------------------------------------------------
start_gui
open_project {C:\Xilinx\Vivado\2014.2\progetti\WP1\WP1\WP1.xpr}
Scanning sources...
Finished scanning sources
INFO: [IP_Flow 19-234] Refreshing IP repositories
INFO: [IP_Flow 19-1700] Loaded user IP repository 'c:/Xilinx/Vivado/2014.2/progetti/ip_repo'.
WARNING: [IP_Flow 19-2248] Failed to load user IP repository 'c:xilinx/vivado/2014.2/progetti/ip_repo/adc_interface'; Can't find the specified path.
If this directory should no longer be in your list of user repositories, go to the IP Settings dialog and remove it.
WARNING: [IP_Flow 19-2248] Failed to load user IP repository 'c:xilinx/vivado/2014.2/progetti/ip_repo/delay_input'; Can't find the specified path.
If this directory should no longer be in your list of user repositories, go to the IP Settings dialog and remove it.
WARNING: [IP_Flow 19-2207] Repository 'c:xilinx/vivado/2014.2/progetti/ip_repo/adc_interface' already exists; ignoring attempt to add it again.
WARNING: [IP_Flow 19-2248] Failed to load user IP repository 'c:xilinx/vivado/2014.2/progetti/ip_repo/adc_interface'; Can't find the specified path.
If this directory should no longer be in your list of user repositories, go to the IP Settings dialog and remove it.
WARNING: [IP_Flow 19-2207] Repository 'c:xilinx/vivado/2014.2/progetti/ip_repo/adc_interface' already exists; ignoring attempt to add it again.
WARNING: [IP_Flow 19-2248] Failed to load user IP repository 'c:xilinx/vivado/2014.2/progetti/ip_repo/adc_interface'; Can't find the specified path.
If this directory should no longer be in your list of user repositories, go to the IP Settings dialog and remove it.
WARNING: [IP_Flow 19-2207] Repository 'c:xilinx/vivado/2014.2/progetti/ip_repo/adc_interface' already exists; ignoring attempt to add it again.
WARNING: [IP_Flow 19-2248] Failed to load user IP repository 'c:xilinx/vivado/2014.2/progetti/ip_repo/adc_interface'; Can't find the specified path.
If this directory should no longer be in your list of user repositories, go to the IP Settings dialog and remove it.
WARNING: [IP_Flow 19-2207] Repository 'c:xilinx/vivado/2014.2/progetti/ip_repo/adc_interface' already exists; ignoring attempt to add it again.
WARNING: [IP_Flow 19-2248] Failed to load user IP repository 'c:xilinx/vivado/2014.2/progetti/ip_repo/adc_interface'; Can't find the specified path.
If this directory should no longer be in your list of user repositories, go to the IP Settings dialog and remove it.
WARNING: [IP_Flow 19-2207] Repository 'c:xilinx/vivado/2014.2/progetti/ip_repo/adc_interface' already exists; ignoring attempt to add it again.
WARNING: [IP_Flow 19-2248] Failed to load user IP repository 'c:xilinx/vivado/2014.2/progetti/ip_repo/adc_interface'; Can't find the specified path.
If this directory should no longer be in your list of user repositories, go to the IP Settings dialog and remove it.
INFO: [IP_Flow 19-2313] Loaded Vivado IP repository 'C:/Xilinx/Vivado/2014.2/data/ip'.
WARNING: [IP_Flow 19-1663] Duplicate IP found for 'xilinx.com:ip:util_ds_buf:1.0'. The one found in IP location 'c:/Xilinx/Vivado/2014.2/progetti/ip_repo/util_dis_buf_v1_0' will take precedence over the same IP in the Xilinx installed IP.
open_project: Time (s): cpu = 00:00:30 ; elapsed = 00:00:17 . Memory (MB): peak = 944.102 ; gain = 120.633
update_compile_order -fileset sources_1
launch_sdk -workspace C:/Xilinx/Vivado/2014.2/progetti/WP1/WP1 -hwspec C:/Xilinx/Vivado/2014.2/progetti/WP1/WP1/WP1_system.hdf
INFO: [Vivado 12-393] Launching SDK...
INFO: [Vivado 12-417] Running xsdk -workspace C:/Xilinx/Vivado/2014.2/progetti/WP1/WP1 -hwspec C:/Xilinx/Vivado/2014.2/progetti/WP1/WP1/WP1_system.hdf
INFO: [Vivado 12-3157] SDK launch initiated. Please check console for any further messages.
open_bd_design {C:/Xilinx/Vivado/2014.2/progetti/WP1/WP1/WP1.srcs/sources_1/bd/WP1_system/WP1_system.bd}
Adding component instance block -- xilinx.com:ip:processing_system7:5.4 - processing_system7_0
Adding component instance block -- xilinx.com:ip:axi_gpio:2.0 - axi_gpio_0
Adding component instance block -- xilinx.com:ip:proc_sys_reset:5.0 - rst_processing_system7_0_100M
Adding component instance block -- xilinx.com:ip:util_ds_buf:1.0 - util_ds_buf_0
Adding component instance block -- xilinx.com:ip:selectio_wiz:5.1 - selectio_wiz_0
Adding component instance block -- xilinx.com:ip:xlconstant:1.1 - xlconstant_0
Adding component instance block -- xilinx.com:ip:selectio_wiz:5.1 - selectio_wiz_1
Adding component instance block -- in2p3.fr:user:delay_input:1.0 - delay_input_0
Adding component instance block -- xilinx.com:ip:util_vector_logic:1.0 - util_vector_logic_1
Adding component instance block -- xilinx.com:ip:util_vector_logic:1.0 - util_vector_logic_2
Adding component instance block -- xilinx.com:ip:util_vector_logic:1.0 - util_vector_logic_3
Adding component instance block -- xilinx.com:ip:axi_bram_ctrl:4.0 - axi_bram_ctrl_0
Adding component instance block -- xilinx.com:ip:axi_bram_ctrl:4.0 - axi_bram_ctrl_1
Adding component instance block -- xilinx.com:ip:util_vector_logic:1.0 - util_vector_logic_0
Adding component instance block -- xilinx.com:ip:blk_mem_gen:8.2 - blk_mem_gen_0
Adding component instance block -- xilinx.com:ip:blk_mem_gen:8.2 - blk_mem_gen_1
Adding component instance block -- le.infn.it:user:ADC_interface:1.0 - Interface_ADC_0
Adding component instance block -- xilinx.com:ip:axi_crossbar:2.1 - xbar
Adding component instance block -- xilinx.com:ip:axi_protocol_converter:2.1 - auto_pc
Adding component instance block -- xilinx.com:ip:axi_protocol_converter:2.1 - auto_pc
Adding component instance block -- xilinx.com:ip:axi_data_fifo:2.1 - s00_data_fifo
Adding component instance block -- xilinx.com:ip:axi_protocol_converter:2.1 - auto_pc
Successfully read diagram <WP1_system> from BD file <C:/Xilinx/Vivado/2014.2/progetti/WP1/WP1/WP1.srcs/sources_1/bd/WP1_system/WP1_system.bd>
open_bd_design: Time (s): cpu = 00:00:36 ; elapsed = 00:00:33 . Memory (MB): peak = 1220.395 ; gain = 276.293
open_run impl_1
INFO: [Netlist 29-17] Analyzing 178 Unisim elements for replacement
INFO: [Netlist 29-28] Unisim Transformation completed in 0 CPU seconds
INFO: [Project 1-479] Netlist was created with Vivado 2014.2
Loading clock regions from C:/Xilinx/Vivado/2014.2/data\parts/xilinx/zynq/zynq/xc7z020/ClockRegion.xml
Loading clock buffers from C:/Xilinx/Vivado/2014.2/data\parts/xilinx/zynq/zynq/xc7z020/ClockBuffers.xml
Loading clock placement rules from C:/Xilinx/Vivado/2014.2/data/parts/xilinx/zynq/ClockPlacerRules.xml
Loading package pin functions from C:/Xilinx/Vivado/2014.2/data\parts/xilinx/zynq/PinFunctions.xml...
Loading package from C:/Xilinx/Vivado/2014.2/data\parts/xilinx/zynq/zynq/xc7z020/clg484/Package.xml
Loading io standards from C:/Xilinx/Vivado/2014.2/data\./parts/xilinx/zynq/IOStandards.xml
Parsing XDC File [C:/Xilinx/Vivado/2014.2/progetti/WP1/WP1/.Xil/Vivado-5464-Assiro-cad/dcp/WP1_system_early.xdc]
Finished Parsing XDC File [C:/Xilinx/Vivado/2014.2/progetti/WP1/WP1/.Xil/Vivado-5464-Assiro-cad/dcp/WP1_system_early.xdc]
Parsing XDC File [C:/Xilinx/Vivado/2014.2/progetti/WP1/WP1/.Xil/Vivado-5464-Assiro-cad/dcp/WP1_system.xdc]
Finished Parsing XDC File [C:/Xilinx/Vivado/2014.2/progetti/WP1/WP1/.Xil/Vivado-5464-Assiro-cad/dcp/WP1_system.xdc]
Parsing XDC File [C:/Xilinx/Vivado/2014.2/progetti/WP1/WP1/.Xil/Vivado-5464-Assiro-cad/dcp/WP1_system_late.xdc]
Finished Parsing XDC File [C:/Xilinx/Vivado/2014.2/progetti/WP1/WP1/.Xil/Vivado-5464-Assiro-cad/dcp/WP1_system_late.xdc]
Reading XDEF placement.
Reading XDEF routing.
Read XDEF File: Time (s): cpu = 00:00:01 ; elapsed = 00:00:01 . Memory (MB): peak = 1496.699 ; gain = 0.000
Restoring placement.
Restored 1498 out of 1498 XDEF sites from archive | CPU: 3.000000 secs | Memory: 0.000000 MB |
INFO: [Opt 31-138] Pushed 0 inverter(s) to 0 load pin(s).
INFO: [Memdata 28-152] Did  not create MIG processor data. C:/Xilinx/Vivado/2014.2/progetti/WP1/WP1/WP1.srcs/sources_1/bd/WP1_system/ip/WP1_system_processing_system7_0_0/WP1_system_processing_system7_0_0.xci
INFO: [Memdata 28-152] Did  not create MIG processor data. C:/Xilinx/Vivado/2014.2/progetti/WP1/WP1/WP1.srcs/sources_1/bd/WP1_system/ip/WP1_system_axi_gpio_0_0/WP1_system_axi_gpio_0_0.xci
INFO: [Memdata 28-152] Did  not create MIG processor data. C:/Xilinx/Vivado/2014.2/progetti/WP1/WP1/WP1.srcs/sources_1/bd/WP1_system/ip/WP1_system_processing_system7_0_axi_periph_0/WP1_system_processing_system7_0_axi_periph_0.xci
INFO: [Memdata 28-152] Did  not create MIG processor data. C:/Xilinx/Vivado/2014.2/progetti/WP1/WP1/WP1.srcs/sources_1/bd/WP1_system/ip/WP1_system_rst_processing_system7_0_100M_0/WP1_system_rst_processing_system7_0_100M_0.xci
INFO: [Memdata 28-152] Did  not create MIG processor data. C:/Xilinx/Vivado/2014.2/progetti/WP1/WP1/WP1.srcs/sources_1/bd/WP1_system/ip/WP1_system_util_ds_buf_0_0/WP1_system_util_ds_buf_0_0.xci
INFO: [Memdata 28-152] Did  not create MIG processor data. C:/Xilinx/Vivado/2014.2/progetti/WP1/WP1/WP1.srcs/sources_1/bd/WP1_system/ip/WP1_system_xbar_0/WP1_system_xbar_0.xci
INFO: [Memdata 28-152] Did  not create MIG processor data. C:/Xilinx/Vivado/2014.2/progetti/WP1/WP1/WP1.srcs/sources_1/bd/WP1_system/ip/WP1_system_selectio_wiz_0_0/WP1_system_selectio_wiz_0_0.xci
INFO: [Memdata 28-152] Did  not create MIG processor data. C:/Xilinx/Vivado/2014.2/progetti/WP1/WP1/WP1.srcs/sources_1/bd/WP1_system/ip/WP1_system_xlconstant_0_0/WP1_system_xlconstant_0_0.xci
INFO: [Memdata 28-152] Did  not create MIG processor data. C:/Xilinx/Vivado/2014.2/progetti/WP1/WP1/WP1.srcs/sources_1/bd/WP1_system/ip/WP1_system_selectio_wiz_1_0/WP1_system_selectio_wiz_1_0.xci
INFO: [Memdata 28-152] Did  not create MIG processor data. C:/Xilinx/Vivado/2014.2/progetti/WP1/WP1/WP1.srcs/sources_1/bd/WP1_system/ip/WP1_system_util_vector_logic_0_0/WP1_system_util_vector_logic_0_0.xci
INFO: [Memdata 28-152] Did  not create MIG processor data. C:/Xilinx/Vivado/2014.2/progetti/WP1/WP1/WP1.srcs/sources_1/bd/WP1_system/ip/WP1_system_Interface_ADC_0_2/WP1_system_Interface_ADC_0_2.xci
INFO: [Memdata 28-152] Did  not create MIG processor data. C:/Xilinx/Vivado/2014.2/progetti/WP1/WP1/WP1.srcs/sources_1/bd/WP1_system/ip/WP1_system_delay_input_0_1/WP1_system_delay_input_0_1.xci
INFO: [Memdata 28-152] Did  not create MIG processor data. C:/Xilinx/Vivado/2014.2/progetti/WP1/WP1/WP1.srcs/sources_1/bd/WP1_system/ip/WP1_system_blk_mem_gen_0_2/WP1_system_blk_mem_gen_0_2.xci
INFO: [Memdata 28-152] Did  not create MIG processor data. C:/Xilinx/Vivado/2014.2/progetti/WP1/WP1/WP1.srcs/sources_1/bd/WP1_system/ip/WP1_system_axi_bram_ctrl_0_1/WP1_system_axi_bram_ctrl_0_1.xci
INFO: [Memdata 28-152] Did  not create MIG processor data. C:/Xilinx/Vivado/2014.2/progetti/WP1/WP1/WP1.srcs/sources_1/bd/WP1_system/ip/WP1_system_axi_bram_ctrl_1_0/WP1_system_axi_bram_ctrl_1_0.xci
INFO: [Memdata 28-152] Did  not create MIG processor data. C:/Xilinx/Vivado/2014.2/progetti/WP1/WP1/WP1.srcs/sources_1/bd/WP1_system/ip/WP1_system_blk_mem_gen_1_0/WP1_system_blk_mem_gen_1_0.xci
INFO: [Memdata 28-152] Did  not create MIG processor data. C:/Xilinx/Vivado/2014.2/progetti/WP1/WP1/WP1.srcs/sources_1/bd/WP1_system/ip/WP1_system_util_vector_logic_1_0/WP1_system_util_vector_logic_1_0.xci
INFO: [Memdata 28-152] Did  not create MIG processor data. C:/Xilinx/Vivado/2014.2/progetti/WP1/WP1/WP1.srcs/sources_1/bd/WP1_system/ip/WP1_system_util_vector_logic_1_1/WP1_system_util_vector_logic_1_1.xci
INFO: [Memdata 28-152] Did  not create MIG processor data. C:/Xilinx/Vivado/2014.2/progetti/WP1/WP1/WP1.srcs/sources_1/bd/WP1_system/ip/WP1_system_util_vector_logic_1_2/WP1_system_util_vector_logic_1_2.xci
INFO: [Memdata 28-152] Did  not create MIG processor data. C:/Xilinx/Vivado/2014.2/progetti/WP1/WP1/WP1.srcs/sources_1/bd/WP1_system/ip/WP1_system_s00_data_fifo_0/WP1_system_s00_data_fifo_0.xci
INFO: [Memdata 28-152] Did  not create MIG processor data. C:/Xilinx/Vivado/2014.2/progetti/WP1/WP1/WP1.srcs/sources_1/bd/WP1_system/ip/WP1_system_auto_pc_0/WP1_system_auto_pc_0.xci
INFO: [Memdata 28-152] Did  not create MIG processor data. C:/Xilinx/Vivado/2014.2/progetti/WP1/WP1/WP1.srcs/sources_1/bd/WP1_system/ip/WP1_system_auto_pc_1_0/WP1_system_auto_pc_1.xci
INFO: [Memdata 28-152] Did  not create MIG processor data. C:/Xilinx/Vivado/2014.2/progetti/WP1/WP1/WP1.srcs/sources_1/bd/WP1_system/ip/WP1_system_auto_pc_2/WP1_system_auto_pc_2.xci
INFO: [Memdata 28-152] Did  not create MIG processor data. C:/Xilinx/Vivado/2014.2/progetti/WP1/WP1/WP1.srcs/sources_1/bd/WP1_system/ip/WP1_system_processing_system7_0_0/WP1_system_processing_system7_0_0.xci
INFO: [Memdata 28-152] Did  not create MIG processor data. C:/Xilinx/Vivado/2014.2/progetti/WP1/WP1/WP1.srcs/sources_1/bd/WP1_system/ip/WP1_system_axi_gpio_0_0/WP1_system_axi_gpio_0_0.xci
INFO: [Memdata 28-152] Did  not create MIG processor data. C:/Xilinx/Vivado/2014.2/progetti/WP1/WP1/WP1.srcs/sources_1/bd/WP1_system/ip/WP1_system_processing_system7_0_axi_periph_0/WP1_system_processing_system7_0_axi_periph_0.xci
INFO: [Memdata 28-152] Did  not create MIG processor data. C:/Xilinx/Vivado/2014.2/progetti/WP1/WP1/WP1.srcs/sources_1/bd/WP1_system/ip/WP1_system_rst_processing_system7_0_100M_0/WP1_system_rst_processing_system7_0_100M_0.xci
INFO: [Memdata 28-152] Did  not create MIG processor data. C:/Xilinx/Vivado/2014.2/progetti/WP1/WP1/WP1.srcs/sources_1/bd/WP1_system/ip/WP1_system_util_ds_buf_0_0/WP1_system_util_ds_buf_0_0.xci
INFO: [Memdata 28-152] Did  not create MIG processor data. C:/Xilinx/Vivado/2014.2/progetti/WP1/WP1/WP1.srcs/sources_1/bd/WP1_system/ip/WP1_system_xbar_0/WP1_system_xbar_0.xci
INFO: [Memdata 28-152] Did  not create MIG processor data. C:/Xilinx/Vivado/2014.2/progetti/WP1/WP1/WP1.srcs/sources_1/bd/WP1_system/ip/WP1_system_selectio_wiz_0_0/WP1_system_selectio_wiz_0_0.xci
INFO: [Memdata 28-152] Did  not create MIG processor data. C:/Xilinx/Vivado/2014.2/progetti/WP1/WP1/WP1.srcs/sources_1/bd/WP1_system/ip/WP1_system_xlconstant_0_0/WP1_system_xlconstant_0_0.xci
INFO: [Memdata 28-152] Did  not create MIG processor data. C:/Xilinx/Vivado/2014.2/progetti/WP1/WP1/WP1.srcs/sources_1/bd/WP1_system/ip/WP1_system_selectio_wiz_1_0/WP1_system_selectio_wiz_1_0.xci
INFO: [Memdata 28-152] Did  not create MIG processor data. C:/Xilinx/Vivado/2014.2/progetti/WP1/WP1/WP1.srcs/sources_1/bd/WP1_system/ip/WP1_system_util_vector_logic_0_0/WP1_system_util_vector_logic_0_0.xci
INFO: [Memdata 28-152] Did  not create MIG processor data. C:/Xilinx/Vivado/2014.2/progetti/WP1/WP1/WP1.srcs/sources_1/bd/WP1_system/ip/WP1_system_Interface_ADC_0_2/WP1_system_Interface_ADC_0_2.xci
INFO: [Memdata 28-152] Did  not create MIG processor data. C:/Xilinx/Vivado/2014.2/progetti/WP1/WP1/WP1.srcs/sources_1/bd/WP1_system/ip/WP1_system_delay_input_0_1/WP1_system_delay_input_0_1.xci
INFO: [Memdata 28-152] Did  not create MIG processor data. C:/Xilinx/Vivado/2014.2/progetti/WP1/WP1/WP1.srcs/sources_1/bd/WP1_system/ip/WP1_system_blk_mem_gen_0_2/WP1_system_blk_mem_gen_0_2.xci
INFO: [Memdata 28-152] Did  not create MIG processor data. C:/Xilinx/Vivado/2014.2/progetti/WP1/WP1/WP1.srcs/sources_1/bd/WP1_system/ip/WP1_system_axi_bram_ctrl_0_1/WP1_system_axi_bram_ctrl_0_1.xci
INFO: [Memdata 28-152] Did  not create MIG processor data. C:/Xilinx/Vivado/2014.2/progetti/WP1/WP1/WP1.srcs/sources_1/bd/WP1_system/ip/WP1_system_axi_bram_ctrl_1_0/WP1_system_axi_bram_ctrl_1_0.xci
INFO: [Memdata 28-152] Did  not create MIG processor data. C:/Xilinx/Vivado/2014.2/progetti/WP1/WP1/WP1.srcs/sources_1/bd/WP1_system/ip/WP1_system_blk_mem_gen_1_0/WP1_system_blk_mem_gen_1_0.xci
INFO: [Memdata 28-152] Did  not create MIG processor data. C:/Xilinx/Vivado/2014.2/progetti/WP1/WP1/WP1.srcs/sources_1/bd/WP1_system/ip/WP1_system_util_vector_logic_1_0/WP1_system_util_vector_logic_1_0.xci
INFO: [Memdata 28-152] Did  not create MIG processor data. C:/Xilinx/Vivado/2014.2/progetti/WP1/WP1/WP1.srcs/sources_1/bd/WP1_system/ip/WP1_system_util_vector_logic_1_1/WP1_system_util_vector_logic_1_1.xci
INFO: [Memdata 28-152] Did  not create MIG processor data. C:/Xilinx/Vivado/2014.2/progetti/WP1/WP1/WP1.srcs/sources_1/bd/WP1_system/ip/WP1_system_util_vector_logic_1_2/WP1_system_util_vector_logic_1_2.xci
INFO: [Memdata 28-152] Did  not create MIG processor data. C:/Xilinx/Vivado/2014.2/progetti/WP1/WP1/WP1.srcs/sources_1/bd/WP1_system/ip/WP1_system_s00_data_fifo_0/WP1_system_s00_data_fifo_0.xci
INFO: [Memdata 28-152] Did  not create MIG processor data. C:/Xilinx/Vivado/2014.2/progetti/WP1/WP1/WP1.srcs/sources_1/bd/WP1_system/ip/WP1_system_auto_pc_0/WP1_system_auto_pc_0.xci
INFO: [Memdata 28-152] Did  not create MIG processor data. C:/Xilinx/Vivado/2014.2/progetti/WP1/WP1/WP1.srcs/sources_1/bd/WP1_system/ip/WP1_system_auto_pc_1_0/WP1_system_auto_pc_1.xci
INFO: [Memdata 28-152] Did  not create MIG processor data. C:/Xilinx/Vivado/2014.2/progetti/WP1/WP1/WP1.srcs/sources_1/bd/WP1_system/ip/WP1_system_auto_pc_2/WP1_system_auto_pc_2.xci
Generating merged BMM file for the design top 'WP1_system'...
WARNING: [Memdata 28-77] Instance path '/WP1_system_wrapper/WP1_system_i' not part of the source hierarchy top 'WP1_system'! Please make sure that the source hierarchy is correctly established for this current 'top' and the processor modules are part of this hierarchy.
INFO: [Project 1-111] Unisim Transformation Summary:
  A total of 23 instances were transformed.
  OBUFDS => OBUFDS_DUAL_BUF (INV, OBUFDS, OBUFDS): 1 instances
  RAM32M => RAM32M (RAMD32, RAMD32, RAMD32, RAMD32, RAMD32, RAMD32, RAMS32, RAMS32): 22 instances

open_run: Time (s): cpu = 00:00:45 ; elapsed = 00:00:30 . Memory (MB): peak = 1651.004 ; gain = 430.609
open_bd_design {C:/Xilinx/Vivado/2014.2/progetti/WP1/WP1/WP1.srcs/sources_1/bd/WP1_system/WP1_system.bd}
open_bd_design {C:/Xilinx/Vivado/2014.2/progetti/WP1/WP1/WP1.srcs/sources_1/bd/WP1_system/WP1_system.bd}
file copy -force C:/Xilinx/Vivado/2014.2/progetti/WP1/WP1/WP1.runs/impl_1/WP1_system.sysdef C:/Xilinx/Vivado/2014.2/progetti/WP1/WP1/WP1.sdk/WP1_system.hdf

launch_sdk -workspace C:/Xilinx/Vivado/2014.2/progetti/WP1/WP1/WP1.sdk -hwspec C:/Xilinx/Vivado/2014.2/progetti/WP1/WP1/WP1.sdk/WP1_system.hdf
INFO: [Vivado 12-393] Launching SDK...
INFO: [Vivado 12-417] Running xsdk -workspace C:/Xilinx/Vivado/2014.2/progetti/WP1/WP1/WP1.sdk -hwspec C:/Xilinx/Vivado/2014.2/progetti/WP1/WP1/WP1.sdk/WP1_system.hdf
INFO: [Vivado 12-3157] SDK launch initiated. Please check console for any further messages.
launch_sdk -workspace C:/Xilinx/Vivado/2014.2/progetti/WP1/WP1 -hwspec C:/Xilinx/Vivado/2014.2/progetti/WP1/WP1/WP1_system.hdf
INFO: [Vivado 12-393] Launching SDK...
INFO: [Vivado 12-417] Running xsdk -workspace C:/Xilinx/Vivado/2014.2/progetti/WP1/WP1 -hwspec C:/Xilinx/Vivado/2014.2/progetti/WP1/WP1/WP1_system.hdf
INFO: [Vivado 12-3157] SDK launch initiated. Please check console for any further messages.
file mkdir C:/Xilinx/Vivado/2014.2/progetti/WP1/WP1/WP1.sdk
file copy -force C:/Xilinx/Vivado/2014.2/progetti/WP1/WP1/WP1.runs/impl_1/WP1_system.sysdef C:/Xilinx/Vivado/2014.2/progetti/WP1/WP1/WP1.sdk/WP1_system.hdf

launch_sdk -workspace C:/Xilinx/Vivado/2014.2/progetti/WP1/WP1/WP1.sdk -hwspec C:/Xilinx/Vivado/2014.2/progetti/WP1/WP1/WP1.sdk/WP1_system.hdf
INFO: [Vivado 12-393] Launching SDK...
INFO: [Vivado 12-417] Running xsdk -workspace C:/Xilinx/Vivado/2014.2/progetti/WP1/WP1/WP1.sdk -hwspec C:/Xilinx/Vivado/2014.2/progetti/WP1/WP1/WP1.sdk/WP1_system.hdf
INFO: [Vivado 12-3157] SDK launch initiated. Please check console for any further messages.
launch_sdk -workspace C:/Xilinx/Vivado/2014.2/progetti/WP1/WP1/WP1.sdk -hwspec C:/Xilinx/Vivado/2014.2/progetti/WP1/WP1/WP1.sdk/WP1_system.hdf
INFO: [Vivado 12-393] Launching SDK...
INFO: [Vivado 12-417] Running xsdk -workspace C:/Xilinx/Vivado/2014.2/progetti/WP1/WP1/WP1.sdk -hwspec C:/Xilinx/Vivado/2014.2/progetti/WP1/WP1/WP1.sdk/WP1_system.hdf
INFO: [Vivado 12-3157] SDK launch initiated. Please check console for any further messages.
file copy -force C:/Xilinx/Vivado/2014.2/progetti/WP1/WP1/WP1.runs/impl_1/WP1_system.sysdef C:/Xilinx/Vivado/2014.2/progetti/WP1/WP1/WP1_system.hdf

launch_sdk -workspace C:/Xilinx/Vivado/2014.2/progetti/WP1/WP1 -hwspec C:/Xilinx/Vivado/2014.2/progetti/WP1/WP1/WP1_system.hdf
INFO: [Vivado 12-393] Launching SDK...
INFO: [Vivado 12-417] Running xsdk -workspace C:/Xilinx/Vivado/2014.2/progetti/WP1/WP1 -hwspec C:/Xilinx/Vivado/2014.2/progetti/WP1/WP1/WP1_system.hdf
INFO: [Vivado 12-3157] SDK launch initiated. Please check console for any further messages.
launch_sdk -workspace C:/Xilinx/Vivado/2014.2/progetti/WP1/WP1 -hwspec C:/Xilinx/Vivado/2014.2/progetti/WP1/WP1/WP1_system.hdf
INFO: [Vivado 12-393] Launching SDK...
INFO: [Vivado 12-417] Running xsdk -workspace C:/Xilinx/Vivado/2014.2/progetti/WP1/WP1 -hwspec C:/Xilinx/Vivado/2014.2/progetti/WP1/WP1/WP1_system.hdf
INFO: [Vivado 12-3157] SDK launch initiated. Please check console for any further messages.
launch_sdk -workspace C:/Xilinx/Vivado/2014.2/progetti/WP1/WP1/WP1.sdk -hwspec C:/Xilinx/Vivado/2014.2/progetti/WP1/WP1/WP1.sdk/WP1_system.hdf
INFO: [Vivado 12-393] Launching SDK...
INFO: [Vivado 12-417] Running xsdk -workspace C:/Xilinx/Vivado/2014.2/progetti/WP1/WP1/WP1.sdk -hwspec C:/Xilinx/Vivado/2014.2/progetti/WP1/WP1/WP1.sdk/WP1_system.hdf
INFO: [Vivado 12-3157] SDK launch initiated. Please check console for any further messages.
launch_sdk -workspace C:/Xilinx/Vivado/2014.2/progetti/WP1/WP1 -hwspec C:/Xilinx/Vivado/2014.2/progetti/WP1/WP1/WP1_system.hdf
INFO: [Vivado 12-393] Launching SDK...
INFO: [Vivado 12-417] Running xsdk -workspace C:/Xilinx/Vivado/2014.2/progetti/WP1/WP1 -hwspec C:/Xilinx/Vivado/2014.2/progetti/WP1/WP1/WP1_system.hdf
INFO: [Vivado 12-3157] SDK launch initiated. Please check console for any further messages.
launch_sdk -workspace C:/Xilinx/Vivado/2014.2/progetti/WP1/WP1 -hwspec C:/Xilinx/Vivado/2014.2/progetti/WP1/WP1/WP1_system.hdf
INFO: [Vivado 12-393] Launching SDK...
INFO: [Vivado 12-417] Running xsdk -workspace C:/Xilinx/Vivado/2014.2/progetti/WP1/WP1 -hwspec C:/Xilinx/Vivado/2014.2/progetti/WP1/WP1/WP1_system.hdf
INFO: [Vivado 12-3157] SDK launch initiated. Please check console for any further messages.
launch_sdk -workspace C:/Xilinx/Vivado/2014.2/progetti/WP1/WP1 -hwspec C:/Xilinx/Vivado/2014.2/progetti/WP1/WP1/WP1_system.hdf
INFO: [Vivado 12-393] Launching SDK...
INFO: [Vivado 12-417] Running xsdk -workspace C:/Xilinx/Vivado/2014.2/progetti/WP1/WP1 -hwspec C:/Xilinx/Vivado/2014.2/progetti/WP1/WP1/WP1_system.hdf
INFO: [Vivado 12-3157] SDK launch initiated. Please check console for any further messages.
launch_sdk -workspace C:/Xilinx/Vivado/2014.2/progetti/WP1/WP1 -hwspec C:/Xilinx/Vivado/2014.2/progetti/WP1/WP1/WP1_system.hdf
INFO: [Vivado 12-393] Launching SDK...
INFO: [Vivado 12-417] Running xsdk -workspace C:/Xilinx/Vivado/2014.2/progetti/WP1/WP1 -hwspec C:/Xilinx/Vivado/2014.2/progetti/WP1/WP1/WP1_system.hdf
INFO: [Vivado 12-3157] SDK launch initiated. Please check console for any further messages.
launch_sdk -workspace C:/Xilinx/Vivado/2014.2/progetti/WP1/WP1 -hwspec C:/Xilinx/Vivado/2014.2/progetti/WP1/WP1/WP1_system.hdf
INFO: [Vivado 12-393] Launching SDK...
INFO: [Vivado 12-417] Running xsdk -workspace C:/Xilinx/Vivado/2014.2/progetti/WP1/WP1 -hwspec C:/Xilinx/Vivado/2014.2/progetti/WP1/WP1/WP1_system.hdf
INFO: [Vivado 12-3157] SDK launch initiated. Please check console for any further messages.
open_bd_design {C:/Xilinx/Vivado/2014.2/progetti/WP1/WP1/WP1.srcs/sources_1/bd/WP1_system/WP1_system.bd}
