#-----------------------------------------------------------
# Vivado v2014.2 (64-bit)
# SW Build 932637 on Wed Jun 11 13:33:10 MDT 2014
# IP Build 924643 on Fri May 30 09:20:16 MDT 2014
# Start of session at: Fri Sep 11 18:33:01 2015
# Process ID: 6860
# Log file: C:/Xilinx/Vivado/2014.2/progetti/WP1/WP1/webtalk/vivado.log
# Journal file: C:/Xilinx/Vivado/2014.2/progetti/WP1/WP1/webtalk\vivado.jou
#-----------------------------------------------------------
source sdk.tcl
# webtalk_init -webtalk_dir C:\\Xilinx\\Vivado\\2014.2\\progetti\\WP1\\WP1\\webtalk
# webtalk_register_client -client project
# webtalk_add_data -client project -key date_generated -value "ven set 11 18:32:58 2015" -context "software_version_and_target_device"
# webtalk_add_data -client project -key product_version -value "SDK v2014.2" -context "software_version_and_target_device"
# webtalk_add_data -client project -key build_version -value "2014.2" -context "software_version_and_target_device"
# webtalk_add_data -client project -key os_platform -value "amd64" -context "software_version_and_target_device"
# webtalk_add_data -client project -key registration_id -value "" -context "software_version_and_target_device"
# webtalk_add_data -client project -key tool_flow -value "SDK" -context "software_version_and_target_device"
# webtalk_add_data -client project -key beta -value "false" -context "software_version_and_target_device"
# webtalk_add_data -client project -key route_design -value "NA" -context "software_version_and_target_device"
# webtalk_add_data -client project -key target_family -value "NA" -context "software_version_and_target_device"
# webtalk_add_data -client project -key target_device -value "NA" -context "software_version_and_target_device"
# webtalk_add_data -client project -key target_package -value "NA" -context "software_version_and_target_device"
# webtalk_add_data -client project -key target_speed -value "NA" -context "software_version_and_target_device"
# webtalk_add_data -client project -key random_id -value "j5f5nduoeoa5qodb6urcko48k4" -context "software_version_and_target_device"
# webtalk_add_data -client project -key project_id -value "2014.2_13" -context "software_version_and_target_device"
# webtalk_add_data -client project -key project_iteration -value "13" -context "software_version_and_target_device"
# webtalk_add_data -client project -key os_name -value "Microsoft Windows 7 , 64-bit" -context "user_environment"
# webtalk_add_data -client project -key os_release -value "Service Pack 1  (build 7601)" -context "user_environment"
# webtalk_add_data -client project -key cpu_name -value "Intel(R) Core(TM)2 Quad CPU    Q9400  @ 2.66GHz" -context "user_environment"
# webtalk_add_data -client project -key cpu_speed -value "2675 MHz" -context "user_environment"
# webtalk_add_data -client project -key total_processors -value "1" -context "user_environment"
# webtalk_add_data -client project -key system_ram -value "4.000 GB" -context "user_environment"
# webtalk_register_client -client sdk
# webtalk_add_data -client sdk -key uid -value "1441986523195" -context "sdk\\\\hardware/1441986523195"
# webtalk_add_data -client sdk -key isZynq -value "true" -context "sdk\\\\hardware/1441986523195"
# webtalk_add_data -client sdk -key Processors -value "2" -context "sdk\\\\hardware/1441986523195"
# webtalk_add_data -client sdk -key VivadoVersion -value "2014.2" -context "sdk\\\\hardware/1441986523195"
# webtalk_add_data -client sdk -key Arch -value "zynq" -context "sdk\\\\hardware/1441986523195"
# webtalk_add_data -client sdk -key Device -value "7z020" -context "sdk\\\\hardware/1441986523195"
# webtalk_add_data -client sdk -key IsHandoff -value "true" -context "sdk\\\\hardware/1441986523195"
# webtalk_transmit -clientid 3518682082 -regid "" -xml C:\\Xilinx\\Vivado\\2014.2\\progetti\\WP1\\WP1\\webtalk\\usage_statistics_ext_sdk.xml -html C:\\Xilinx\\Vivado\\2014.2\\progetti\\WP1\\WP1\\webtalk\\usage_statistics_ext_sdk.html -wdm C:\\Xilinx\\Vivado\\2014.2\\progetti\\WP1\\WP1\\webtalk\\sdk.wdm -intro "<H3>SDK Usage Report</H3><BR>"
INFO: [Common 17-186] 'C:\Xilinx\Vivado\2014.2\progetti\WP1\WP1\webtalk\usage_statistics_ext_sdk.xml' has been successfully sent to Xilinx on Fri Sep 11 18:33:09 2015. For additional details about this file, please refer to the WebTalk help file at C:/Xilinx/Vivado/2014.2/doc/webtalk_introduction.html.
webtalk_transmit: Time (s): cpu = 00:00:00 ; elapsed = 00:00:06 . Memory (MB): peak = 183.957 ; gain = 0.000
# webtalk_terminate
INFO: [Common 17-206] Exiting Vivado at Fri Sep 11 18:33:09 2015...
