09:57:30 **** Build of project adc_bsp ****
make -k all 
"Running Make include in ps7_cortexa9_0/libsrc/cpu_cortexa9_v2_0/src"
make -C ps7_cortexa9_0/libsrc/cpu_cortexa9_v2_0/src -s include  "SHELL=CMD" "COMPILER=arm-xilinx-eabi-gcc" "ARCHIVER=arm-xilinx-eabi-ar" "COMPILER_FLAGS=  -O2 -c" "EXTRA_COMPILER_FLAGS=-g"
"Running Make include in ps7_cortexa9_0/libsrc/devcfg_v3_1/src"
make -C ps7_cortexa9_0/libsrc/devcfg_v3_1/src -s include  "SHELL=CMD" "COMPILER=arm-xilinx-eabi-gcc" "ARCHIVER=arm-xilinx-eabi-ar" "COMPILER_FLAGS=  -O2 -c" "EXTRA_COMPILER_FLAGS=-g"
"Running Make include in ps7_cortexa9_0/libsrc/dmaps_v2_0/src"
make -C ps7_cortexa9_0/libsrc/dmaps_v2_0/src -s include  "SHELL=CMD" "COMPILER=arm-xilinx-eabi-gcc" "ARCHIVER=arm-xilinx-eabi-ar" "COMPILER_FLAGS=  -O2 -c" "EXTRA_COMPILER_FLAGS=-g"
"Running Make include in ps7_cortexa9_0/libsrc/emacps_v2_0/src"
make -C ps7_cortexa9_0/libsrc/emacps_v2_0/src -s include  "SHELL=CMD" "COMPILER=arm-xilinx-eabi-gcc" "ARCHIVER=arm-xilinx-eabi-ar" "COMPILER_FLAGS=  -O2 -c" "EXTRA_COMPILER_FLAGS=-g"
"Running Make include in ps7_cortexa9_0/libsrc/gpio_v4_0/src"
make -C ps7_cortexa9_0/libsrc/gpio_v4_0/src -s include  "SHELL=CMD" "COMPILER=arm-xilinx-eabi-gcc" "ARCHIVER=arm-xilinx-eabi-ar" "COMPILER_FLAGS=  -O2 -c" "EXTRA_COMPILER_FLAGS=-g"
"Running Make include in ps7_cortexa9_0/libsrc/gpiops_v2_1/src"
make -C ps7_cortexa9_0/libsrc/gpiops_v2_1/src -s include  "SHELL=CMD" "COMPILER=arm-xilinx-eabi-gcc" "ARCHIVER=arm-xilinx-eabi-ar" "COMPILER_FLAGS=  -O2 -c" "EXTRA_COMPILER_FLAGS=-g"
"Running Make include in ps7_cortexa9_0/libsrc/iicps_v2_1/src"
make -C ps7_cortexa9_0/libsrc/iicps_v2_1/src -s include  "SHELL=CMD" "COMPILER=arm-xilinx-eabi-gcc" "ARCHIVER=arm-xilinx-eabi-ar" "COMPILER_FLAGS=  -O2 -c" "EXTRA_COMPILER_FLAGS=-g"
"Running Make include in ps7_cortexa9_0/libsrc/interface_uub_v1_0/src"
make -C ps7_cortexa9_0/libsrc/interface_uub_v1_0/src -s include  "SHELL=CMD" "COMPILER=arm-xilinx-eabi-gcc" "ARCHIVER=arm-xilinx-eabi-ar" "COMPILER_FLAGS=  -O2 -c" "EXTRA_COMPILER_FLAGS=-g"
"Running Make include in ps7_cortexa9_0/libsrc/qspips_v3_0/src"
make -C ps7_cortexa9_0/libsrc/qspips_v3_0/src -s include  "SHELL=CMD" "COMPILER=arm-xilinx-eabi-gcc" "ARCHIVER=arm-xilinx-eabi-ar" "COMPILER_FLAGS=  -O2 -c" "EXTRA_COMPILER_FLAGS=-g"
"Running Make include in ps7_cortexa9_0/libsrc/scugic_v2_1/src"
make -C ps7_cortexa9_0/libsrc/scugic_v2_1/src -s include  "SHELL=CMD" "COMPILER=arm-xilinx-eabi-gcc" "ARCHIVER=arm-xilinx-eabi-ar" "COMPILER_FLAGS=  -O2 -c" "EXTRA_COMPILER_FLAGS=-g"
"Running Make include in ps7_cortexa9_0/libsrc/scutimer_v2_0/src"
make -C ps7_cortexa9_0/libsrc/scutimer_v2_0/src -s include  "SHELL=CMD" "COMPILER=arm-xilinx-eabi-gcc" "ARCHIVER=arm-xilinx-eabi-ar" "COMPILER_FLAGS=  -O2 -c" "EXTRA_COMPILER_FLAGS=-g"
"Running Make include in ps7_cortexa9_0/libsrc/scuwdt_v2_0/src"
make -C ps7_cortexa9_0/libsrc/scuwdt_v2_0/src -s include  "SHELL=CMD" "COMPILER=arm-xilinx-eabi-gcc" "ARCHIVER=arm-xilinx-eabi-ar" "COMPILER_FLAGS=  -O2 -c" "EXTRA_COMPILER_FLAGS=-g"
"Running Make include in ps7_cortexa9_0/libsrc/sdps_v2_1/src"
make -C ps7_cortexa9_0/libsrc/sdps_v2_1/src -s include  "SHELL=CMD" "COMPILER=arm-xilinx-eabi-gcc" "ARCHIVER=arm-xilinx-eabi-ar" "COMPILER_FLAGS=  -O2 -c" "EXTRA_COMPILER_FLAGS=-g"
"Running Make include in ps7_cortexa9_0/libsrc/spips_v2_0/src"
make -C ps7_cortexa9_0/libsrc/spips_v2_0/src -s include  "SHELL=CMD" "COMPILER=arm-xilinx-eabi-gcc" "ARCHIVER=arm-xilinx-eabi-ar" "COMPILER_FLAGS=  -O2 -c" "EXTRA_COMPILER_FLAGS=-g"
"Running Make include in ps7_cortexa9_0/libsrc/standalone_v4_1/src"
make -C ps7_cortexa9_0/libsrc/standalone_v4_1/src -s include  "SHELL=CMD" "COMPILER=arm-xilinx-eabi-gcc" "ARCHIVER=arm-xilinx-eabi-ar" "COMPILER_FLAGS=  -O2 -c" "EXTRA_COMPILER_FLAGS=-g"
"Running Make include in ps7_cortexa9_0/libsrc/uartps_v2_1/src"
make -C ps7_cortexa9_0/libsrc/uartps_v2_1/src -s include  "SHELL=CMD" "COMPILER=arm-xilinx-eabi-gcc" "ARCHIVER=arm-xilinx-eabi-ar" "COMPILER_FLAGS=  -O2 -c" "EXTRA_COMPILER_FLAGS=-g"
"Running Make include in ps7_cortexa9_0/libsrc/usbps_v2_1/src"
make -C ps7_cortexa9_0/libsrc/usbps_v2_1/src -s include  "SHELL=CMD" "COMPILER=arm-xilinx-eabi-gcc" "ARCHIVER=arm-xilinx-eabi-ar" "COMPILER_FLAGS=  -O2 -c" "EXTRA_COMPILER_FLAGS=-g"
"Running Make include in ps7_cortexa9_0/libsrc/xadcps_v2_0/src"
make -C ps7_cortexa9_0/libsrc/xadcps_v2_0/src -s include  "SHELL=CMD" "COMPILER=arm-xilinx-eabi-gcc" "ARCHIVER=arm-xilinx-eabi-ar" "COMPILER_FLAGS=  -O2 -c" "EXTRA_COMPILER_FLAGS=-g"
"Running Make libs in ps7_cortexa9_0/libsrc/cpu_cortexa9_v2_0/src"
make -C ps7_cortexa9_0/libsrc/cpu_cortexa9_v2_0/src -s libs  "SHELL=CMD" "COMPILER=arm-xilinx-eabi-gcc" "ARCHIVER=arm-xilinx-eabi-ar" "COMPILER_FLAGS=  -O2 -c" "EXTRA_COMPILER_FLAGS=-g"
"Compiling cpu_cortexa9"
"Running Make libs in ps7_cortexa9_0/libsrc/devcfg_v3_1/src"
make -C ps7_cortexa9_0/libsrc/devcfg_v3_1/src -s libs  "SHELL=CMD" "COMPILER=arm-xilinx-eabi-gcc" "ARCHIVER=arm-xilinx-eabi-ar" "COMPILER_FLAGS=  -O2 -c" "EXTRA_COMPILER_FLAGS=-g"
"Compiling devcfg"
arm-xilinx-eabi-ar: creating ../../../lib/libxil.a
"Running Make libs in ps7_cortexa9_0/libsrc/dmaps_v2_0/src"
make -C ps7_cortexa9_0/libsrc/dmaps_v2_0/src -s libs  "SHELL=CMD" "COMPILER=arm-xilinx-eabi-gcc" "ARCHIVER=arm-xilinx-eabi-ar" "COMPILER_FLAGS=  -O2 -c" "EXTRA_COMPILER_FLAGS=-g"
"Compiling dmaps"
"Running Make libs in ps7_cortexa9_0/libsrc/emacps_v2_0/src"
make -C ps7_cortexa9_0/libsrc/emacps_v2_0/src -s libs  "SHELL=CMD" "COMPILER=arm-xilinx-eabi-gcc" "ARCHIVER=arm-xilinx-eabi-ar" "COMPILER_FLAGS=  -O2 -c" "EXTRA_COMPILER_FLAGS=-g"
"Compiling emacps"
"Running Make libs in ps7_cortexa9_0/libsrc/gpio_v4_0/src"
make -C ps7_cortexa9_0/libsrc/gpio_v4_0/src -s libs  "SHELL=CMD" "COMPILER=arm-xilinx-eabi-gcc" "ARCHIVER=arm-xilinx-eabi-ar" "COMPILER_FLAGS=  -O2 -c" "EXTRA_COMPILER_FLAGS=-g"
"Compiling gpio"
"Running Make libs in ps7_cortexa9_0/libsrc/gpiops_v2_1/src"
make -C ps7_cortexa9_0/libsrc/gpiops_v2_1/src -s libs  "SHELL=CMD" "COMPILER=arm-xilinx-eabi-gcc" "ARCHIVER=arm-xilinx-eabi-ar" "COMPILER_FLAGS=  -O2 -c" "EXTRA_COMPILER_FLAGS=-g"
"Compiling gpiops"
"Running Make libs in ps7_cortexa9_0/libsrc/iicps_v2_1/src"
make -C ps7_cortexa9_0/libsrc/iicps_v2_1/src -s libs  "SHELL=CMD" "COMPILER=arm-xilinx-eabi-gcc" "ARCHIVER=arm-xilinx-eabi-ar" "COMPILER_FLAGS=  -O2 -c" "EXTRA_COMPILER_FLAGS=-g"
"Compiling iicps"
xiicps_g.c:26:3: error: 'XPAR_PS7_I2C_0_DEVICE_ID' undeclared here (not in a function)
   XPAR_PS7_I2C_0_DEVICE_ID,
   ^
xiicps_g.c:27:3: error: 'XPAR_PS7_I2C_0_BASEADDR' undeclared here (not in a function)
   XPAR_PS7_I2C_0_BASEADDR,
   ^
xiicps_g.c:28:3: error: 'XPAR_PS7_I2C_0_I2C_CLK_FREQ_HZ' undeclared here (not in a function)
   XPAR_PS7_I2C_0_I2C_CLK_FREQ_HZ
   ^
xiicps_g.c:31:3: error: 'XPAR_PS7_I2C_1_DEVICE_ID' undeclared here (not in a function)
   XPAR_PS7_I2C_1_DEVICE_ID,
   ^
xiicps_g.c:32:3: error: 'XPAR_PS7_I2C_1_BASEADDR' undeclared here (not in a function)
   XPAR_PS7_I2C_1_BASEADDR,
   ^
xiicps_g.c:33:3: error: 'XPAR_PS7_I2C_1_I2C_CLK_FREQ_HZ' undeclared here (not in a function)
   XPAR_PS7_I2C_1_I2C_CLK_FREQ_HZ
   ^
make[1]: *** [xiicps_g.o] Error 1
xiicps_sinit.c: In function 'XIicPs_LookupConfig':
xiicps_sinit.c:99:26: error: 'XPAR_XIICPS_NUM_INSTANCES' undeclared (first use in this function)
  for (Index = 0; Index < XPAR_XIICPS_NUM_INSTANCES; Index++) {
                          ^
xiicps_sinit.c:99:26: note: each undeclared identifier is reported only once for each function it appears in
make[1]: *** [xiicps_sinit.o] Error 1
make[1]: Target `libs' not remade because of errors.
make: *** [ps7_cortexa9_0/libsrc/iicps_v2_1/src/make.libs] Error 2
"Running Make libs in ps7_cortexa9_0/libsrc/interface_uub_v1_0/src"
make -C ps7_cortexa9_0/libsrc/interface_uub_v1_0/src -s libs  "SHELL=CMD" "COMPILER=arm-xilinx-eabi-gcc" "ARCHIVER=arm-xilinx-eabi-ar" "COMPILER_FLAGS=  -O2 -c" "EXTRA_COMPILER_FLAGS=-g"
"Compiling Interface_uub..."
"Running Make libs in ps7_cortexa9_0/libsrc/qspips_v3_0/src"
make -C ps7_cortexa9_0/libsrc/qspips_v3_0/src -s libs  "SHELL=CMD" "COMPILER=arm-xilinx-eabi-gcc" "ARCHIVER=arm-xilinx-eabi-ar" "COMPILER_FLAGS=  -O2 -c" "EXTRA_COMPILER_FLAGS=-g"
"Compiling qspips"
"Running Make libs in ps7_cortexa9_0/libsrc/scugic_v2_1/src"
make -C ps7_cortexa9_0/libsrc/scugic_v2_1/src -s libs  "SHELL=CMD" "COMPILER=arm-xilinx-eabi-gcc" "ARCHIVER=arm-xilinx-eabi-ar" "COMPILER_FLAGS=  -O2 -c" "EXTRA_COMPILER_FLAGS=-g"
"Compiling scugic"
"Running Make libs in ps7_cortexa9_0/libsrc/scutimer_v2_0/src"
make -C ps7_cortexa9_0/libsrc/scutimer_v2_0/src -s libs  "SHELL=CMD" "COMPILER=arm-xilinx-eabi-gcc" "ARCHIVER=arm-xilinx-eabi-ar" "COMPILER_FLAGS=  -O2 -c" "EXTRA_COMPILER_FLAGS=-g"
"Compiling scutimer"
"Running Make libs in ps7_cortexa9_0/libsrc/scuwdt_v2_0/src"
make -C ps7_cortexa9_0/libsrc/scuwdt_v2_0/src -s libs  "SHELL=CMD" "COMPILER=arm-xilinx-eabi-gcc" "ARCHIVER=arm-xilinx-eabi-ar" "COMPILER_FLAGS=  -O2 -c" "EXTRA_COMPILER_FLAGS=-g"
"Compiling scuwdt"
"Running Make libs in ps7_cortexa9_0/libsrc/sdps_v2_1/src"
make -C ps7_cortexa9_0/libsrc/sdps_v2_1/src -s libs  "SHELL=CMD" "COMPILER=arm-xilinx-eabi-gcc" "ARCHIVER=arm-xilinx-eabi-ar" "COMPILER_FLAGS=  -O2 -c" "EXTRA_COMPILER_FLAGS=-g"
"Compiling sdps"
"Running Make libs in ps7_cortexa9_0/libsrc/spips_v2_0/src"
make -C ps7_cortexa9_0/libsrc/spips_v2_0/src -s libs  "SHELL=CMD" "COMPILER=arm-xilinx-eabi-gcc" "ARCHIVER=arm-xilinx-eabi-ar" "COMPILER_FLAGS=  -O2 -c" "EXTRA_COMPILER_FLAGS=-g"
"Compiling spips"
"Running Make libs in ps7_cortexa9_0/libsrc/standalone_v4_1/src"
make -C ps7_cortexa9_0/libsrc/standalone_v4_1/src -s libs  "SHELL=CMD" "COMPILER=arm-xilinx-eabi-gcc" "ARCHIVER=arm-xilinx-eabi-ar" "COMPILER_FLAGS=  -O2 -c" "EXTRA_COMPILER_FLAGS=-g"
"Compiling standalone"
"Running Make libs in ps7_cortexa9_0/libsrc/uartps_v2_1/src"
make -C ps7_cortexa9_0/libsrc/uartps_v2_1/src -s libs  "SHELL=CMD" "COMPILER=arm-xilinx-eabi-gcc" "ARCHIVER=arm-xilinx-eabi-ar" "COMPILER_FLAGS=  -O2 -c" "EXTRA_COMPILER_FLAGS=-g"
"Compiling uartps"
"Running Make libs in ps7_cortexa9_0/libsrc/usbps_v2_1/src"
make -C ps7_cortexa9_0/libsrc/usbps_v2_1/src -s libs  "SHELL=CMD" "COMPILER=arm-xilinx-eabi-gcc" "ARCHIVER=arm-xilinx-eabi-ar" "COMPILER_FLAGS=  -O2 -c" "EXTRA_COMPILER_FLAGS=-g"
"Compiling usbps"
"Running Make libs in ps7_cortexa9_0/libsrc/xadcps_v2_0/src"
make -C ps7_cortexa9_0/libsrc/xadcps_v2_0/src -s libs  "SHELL=CMD" "COMPILER=arm-xilinx-eabi-gcc" "ARCHIVER=arm-xilinx-eabi-ar" "COMPILER_FLAGS=  -O2 -c" "EXTRA_COMPILER_FLAGS=-g"
"Compiling xadcps"
make: Target `all' not remade because of errors.

09:57:52 Build Finished (took 22s.432ms)

